<?xml version="1.0" encoding="UTF-8"?>
<!-- Generated by org.testng.reporters.JUnitReportReporter -->
<testsuite hostname="DESKTOP-RORP657" failures="0" tests="1" name="comprotrainingtechorg.PracticeOfProtrainingtech.Amazon" time="6.824" errors="0" timestamp="2021-10-31T09:54:15 EDT" skipped="0">
  <testcase classname="comprotrainingtechorg.PracticeOfProtrainingtech.Amazon" name="f" time="6.824"/>
  <system-out/>
</testsuite> <!-- comprotrainingtechorg.PracticeOfProtrainingtech.Amazon -->
