<?xml version="1.0" encoding="UTF-8"?>
<!-- Generated by org.testng.reporters.JUnitReportReporter -->
<testsuite hostname="DESKTOP-RORP657" failures="0" tests="1" name="xmlpractice.utilities" time="0.009" errors="0" timestamp="2021-11-14T10:40:47 EST" skipped="0">
  <testcase classname="xmlpractice.utilities" name="f" time="0.009"/>
  <system-out/>
</testsuite> <!-- xmlpractice.utilities -->
