<?xml version="1.0" encoding="UTF-8"?>
<!-- Generated by org.testng.reporters.JUnitReportReporter -->
<testsuite hostname="DESKTOP-RORP657" failures="0" tests="1" name="Annotations" time="0.010" errors="0" timestamp="2021-10-30T10:17:48 EDT" skipped="0">
  <testcase classname="Annotations" name="f" time="0.010"/>
  <system-out/>
</testsuite> <!-- Annotations -->
